build/app/intermediates/manifest_merge_blame_file/release/manifest-merger-blame-release-report.txt
1<?xml version="1.0" encoding="utf-8"?>
2<manifest xmlns:android="http://schemas.android.com/apk/res/android"
3    package="com.binarasia.filestore"
4    android:versionCode="4020"
5    android:versionName="1.2.1" >
6
7    <uses-sdk
8        android:minSdkVersion="20"
8-->src/main/AndroidManifest.xml
9        android:targetSdkVersion="33" />
9-->src/main/AndroidManifest.xml
10
11    <uses-permission android:name="android.permission.INTERNET" />
11-->src/main/AndroidManifest.xml:4:5-5:53
11-->src/main/AndroidManifest.xml:5:9-51
12    <uses-permission android:name="android.permission.CAMERA" />
12-->src/main/AndroidManifest.xml:6:5-7:51
12-->src/main/AndroidManifest.xml:7:9-49
13    <uses-permission android:name="android.permission.WAKE_LOCK" />
13-->src/main/AndroidManifest.xml:8:5-9:54
13-->src/main/AndroidManifest.xml:9:9-52
14    <uses-permission android:name="android.permission.ACCESS_COARSE_LOCATION" />
14-->src/main/AndroidManifest.xml:10:5-11:67
14-->src/main/AndroidManifest.xml:11:9-65
15    <uses-permission android:name="android.permission.ACCESS_FINE_LOCATION" />
15-->src/main/AndroidManifest.xml:12:5-13:65
15-->src/main/AndroidManifest.xml:13:9-63
16    <uses-permission android:name="android.permission.WRITE_EXTERNAL_STORAGE" />
16-->src/main/AndroidManifest.xml:14:5-15:67
16-->src/main/AndroidManifest.xml:15:9-65
17    <uses-permission android:name="android.permission.READ_EXTERNAL_STORAGE" />
17-->src/main/AndroidManifest.xml:16:5-17:66
17-->src/main/AndroidManifest.xml:17:9-64
18    <uses-permission android:name="android.permission.VIBRATE" />
18-->src/main/AndroidManifest.xml:18:5-19:52
18-->src/main/AndroidManifest.xml:19:9-50
19    <uses-permission android:name="android.permission.USE_FULL_SCREEN_INTENT" />
19-->src/main/AndroidManifest.xml:20:5-21:67
19-->src/main/AndroidManifest.xml:21:9-65
20    <uses-permission android:name="android.permission.RECEIVE_BOOT_COMPLETED" />
20-->src/main/AndroidManifest.xml:22:5-23:67
20-->src/main/AndroidManifest.xml:23:9-65
21
22    <queries>
22-->src/main/AndroidManifest.xml:24:5-51:15
23        <intent>
23-->src/main/AndroidManifest.xml:25:9-32:18
24            <action android:name="android.intent.action.VIEW" />
24-->src/main/AndroidManifest.xml:26:13-27:60
24-->src/main/AndroidManifest.xml:27:17-58
25
26            <category android:name="android.intent.category.BROWSABLE" />
26-->src/main/AndroidManifest.xml:28:13-29:67
26-->src/main/AndroidManifest.xml:29:17-65
27
28            <data android:scheme="https" />
28-->src/main/AndroidManifest.xml:30:13-31:41
28-->src/main/AndroidManifest.xml:31:17-39
29        </intent>
30        <intent>
30-->src/main/AndroidManifest.xml:33:9-38:18
31            <action android:name="android.intent.action.VIEW" />
31-->src/main/AndroidManifest.xml:26:13-27:60
31-->src/main/AndroidManifest.xml:27:17-58
32
33            <data android:scheme="https" />
33-->src/main/AndroidManifest.xml:30:13-31:41
33-->src/main/AndroidManifest.xml:31:17-39
34        </intent>
35        <intent>
35-->src/main/AndroidManifest.xml:39:9-44:18
36            <action android:name="android.intent.action.VIEW" />
36-->src/main/AndroidManifest.xml:26:13-27:60
36-->src/main/AndroidManifest.xml:27:17-58
37
38            <data android:scheme="tel" />
38-->src/main/AndroidManifest.xml:30:13-31:41
38-->src/main/AndroidManifest.xml:31:17-39
39        </intent>
40        <intent>
40-->src/main/AndroidManifest.xml:45:9-50:18
41            <action android:name="android.intent.action.VIEW" />
41-->src/main/AndroidManifest.xml:26:13-27:60
41-->src/main/AndroidManifest.xml:27:17-58
42
43            <data android:scheme="sms" />
43-->src/main/AndroidManifest.xml:30:13-31:41
43-->src/main/AndroidManifest.xml:31:17-39
44        </intent>
45        <!-- End of browser content -->
46        <!-- For CustomTabsService -->
47        <intent>
47-->[com.google.android.gms:play-services-ads-lite:22.0.0] AndroidManifest.xml:44:9-46:18
48            <action android:name="android.support.customtabs.action.CustomTabsService" />
48-->[com.google.android.gms:play-services-ads-lite:22.0.0] AndroidManifest.xml:45:13-90
48-->[com.google.android.gms:play-services-ads-lite:22.0.0] AndroidManifest.xml:45:21-87
49        </intent>
50    </queries>
51
52    <uses-permission android:name="android.permission.FOREGROUND_SERVICE" />
52-->[:geolocator_android] AndroidManifest.xml:9:5-77
52-->[:geolocator_android] AndroidManifest.xml:9:22-74
53    <uses-permission android:name="android.permission.SCHEDULE_EXACT_ALARM" />
53-->[:flutter_local_notifications] AndroidManifest.xml:12:5-79
53-->[:flutter_local_notifications] AndroidManifest.xml:12:22-76
54    <uses-permission android:name="android.permission.POST_NOTIFICATIONS" />
54-->[:flutter_local_notifications] AndroidManifest.xml:13:5-77
54-->[:flutter_local_notifications] AndroidManifest.xml:13:22-74
55    <uses-permission android:name="android.permission.ACCESS_NETWORK_STATE" />
55-->[com.google.android.gms:play-services-ads-lite:22.0.0] AndroidManifest.xml:25:5-79
55-->[com.google.android.gms:play-services-ads-lite:22.0.0] AndroidManifest.xml:25:22-76
56    <uses-permission android:name="com.google.android.gms.permission.AD_ID" />
56-->[com.google.android.gms:play-services-ads-lite:22.0.0] AndroidManifest.xml:26:5-79
56-->[com.google.android.gms:play-services-ads-lite:22.0.0] AndroidManifest.xml:26:22-76
57
58    <permission
58-->[androidx.core:core:1.9.0] AndroidManifest.xml:22:5-24:47
59        android:name="com.binarasia.filestore.DYNAMIC_RECEIVER_NOT_EXPORTED_PERMISSION"
59-->[androidx.core:core:1.9.0] AndroidManifest.xml:23:9-81
60        android:protectionLevel="signature" />
60-->[androidx.core:core:1.9.0] AndroidManifest.xml:24:9-44
61
62    <uses-permission android:name="com.binarasia.filestore.DYNAMIC_RECEIVER_NOT_EXPORTED_PERMISSION" />
62-->[androidx.core:core:1.9.0] AndroidManifest.xml:26:5-97
62-->[androidx.core:core:1.9.0] AndroidManifest.xml:26:22-94
63
64    <application
64-->src/main/AndroidManifest.xml:52:5-129:19
65        android:name="com.binarasia.filestore.Application"
65-->src/main/AndroidManifest.xml:53:9-36
66        android:allowBackup="true"
66-->src/main/AndroidManifest.xml:59:9-35
67        android:appComponentFactory="androidx.core.app.CoreComponentFactory"
67-->[androidx.core:core:1.9.0] AndroidManifest.xml:28:18-86
68        android:hardwareAccelerated="true"
68-->src/main/AndroidManifest.xml:57:9-43
69        android:icon="@mipmap/ic_launcher"
69-->src/main/AndroidManifest.xml:55:9-43
70        android:label="FileStore"
70-->src/main/AndroidManifest.xml:54:9-34
71        android:largeHeap="true"
71-->src/main/AndroidManifest.xml:58:9-33
72        android:usesCleartextTraffic="true" >
72-->src/main/AndroidManifest.xml:56:9-44
73        <receiver
73-->src/main/AndroidManifest.xml:60:9-63:33
74            android:name="com.dexterous.flutterlocalnotifications.ScheduledNotificationReceiver"
74-->src/main/AndroidManifest.xml:61:13-97
75            android:exported="false" />
75-->src/main/AndroidManifest.xml:62:13-37
76        <receiver
76-->src/main/AndroidManifest.xml:64:9-72:20
77            android:name="com.dexterous.flutterlocalnotifications.ScheduledNotificationBootReceiver"
77-->src/main/AndroidManifest.xml:65:13-101
78            android:exported="false" >
78-->src/main/AndroidManifest.xml:66:13-37
79            <intent-filter>
79-->src/main/AndroidManifest.xml:68:13-71:29
80                <action android:name="android.intent.action.BOOT_COMPLETED" />
80-->src/main/AndroidManifest.xml:69:17-70:82
80-->src/main/AndroidManifest.xml:70:21-72
81            </intent-filter>
82            <intent-filter>
82-->[:flutter_local_notifications] AndroidManifest.xml:25:13-30:29
83                <action android:name="android.intent.action.BOOT_COMPLETED" />
83-->src/main/AndroidManifest.xml:69:17-70:82
83-->src/main/AndroidManifest.xml:70:21-72
84                <action android:name="android.intent.action.MY_PACKAGE_REPLACED" />
84-->[:flutter_local_notifications] AndroidManifest.xml:27:17-84
84-->[:flutter_local_notifications] AndroidManifest.xml:27:25-81
85                <action android:name="android.intent.action.QUICKBOOT_POWERON" />
85-->[:flutter_local_notifications] AndroidManifest.xml:28:17-82
85-->[:flutter_local_notifications] AndroidManifest.xml:28:25-79
86                <action android:name="com.htc.intent.action.QUICKBOOT_POWERON" />
86-->[:flutter_local_notifications] AndroidManifest.xml:29:17-82
86-->[:flutter_local_notifications] AndroidManifest.xml:29:25-79
87            </intent-filter>
88        </receiver>
89
90        <meta-data
90-->src/main/AndroidManifest.xml:73:9-75:69
91            android:name="com.google.android.gms.ads.APPLICATION_ID"
91-->src/main/AndroidManifest.xml:74:13-69
92            android:value="ca-app-pub-0154172666410102~4951322352" />
92-->src/main/AndroidManifest.xml:75:13-67
93
94        <provider
95            android:name="com.ko2ic.imagedownloader.FileProvider"
95-->src/main/AndroidManifest.xml:77:13-66
96            android:authorities="com.binarasia.filestore.image_downloader.provider"
96-->src/main/AndroidManifest.xml:78:13-77
97            android:exported="false"
97-->src/main/AndroidManifest.xml:79:13-37
98            android:grantUriPermissions="true" >
98-->src/main/AndroidManifest.xml:80:13-47
99            <meta-data
99-->src/main/AndroidManifest.xml:81:13-83:57
100                android:name="android.support.FILE_PROVIDER_PATHS"
100-->src/main/AndroidManifest.xml:82:17-67
101                android:resource="@xml/provider_paths" />
101-->src/main/AndroidManifest.xml:83:17-55
102        </provider>
103
104        <meta-data
104-->src/main/AndroidManifest.xml:85:9-87:43
105            android:name="com.google.firebase.messaging.default_notification_channel_id"
105-->src/main/AndroidManifest.xml:86:13-89
106            android:value="HobbiesHBBID" />
106-->src/main/AndroidManifest.xml:87:13-41
107
108        <activity
108-->src/main/AndroidManifest.xml:88:9-90:71
109            android:name="com.yalantis.ucrop.UCropActivity"
109-->src/main/AndroidManifest.xml:89:13-60
110            android:theme="@style/Theme.AppCompat.Light.NoActionBar" />
110-->src/main/AndroidManifest.xml:90:13-69
111        <activity
111-->src/main/AndroidManifest.xml:91:9-119:20
112            android:name="com.binarasia.filestore.MainActivity"
112-->src/main/AndroidManifest.xml:92:13-41
113            android:configChanges="orientation|keyboardHidden|keyboard|screenSize|smallestScreenSize|locale|layoutDirection|fontScale|screenLayout|density|uiMode"
113-->src/main/AndroidManifest.xml:97:13-163
114            android:exported="true"
114-->src/main/AndroidManifest.xml:100:13-36
115            android:hardwareAccelerated="true"
115-->src/main/AndroidManifest.xml:98:13-47
116            android:launchMode="singleTop"
116-->src/main/AndroidManifest.xml:93:13-43
117            android:showWhenLocked="true"
117-->src/main/AndroidManifest.xml:95:13-42
118            android:theme="@style/LaunchTheme"
118-->src/main/AndroidManifest.xml:94:13-47
119            android:turnScreenOn="true"
119-->src/main/AndroidManifest.xml:96:13-40
120            android:windowSoftInputMode="adjustResize" >
120-->src/main/AndroidManifest.xml:99:13-55
121
122            <!--
123                 Specifies an Android theme to apply to this Activity as soon as
124                 the Android process has started. This theme is visible to the user
125                 while the Flutter UI initializes. After that, this theme continues
126                 to determine the Window background behind the Flutter UI.
127            -->
128            <meta-data
128-->src/main/AndroidManifest.xml:106:13-108:56
129                android:name="io.flutter.embedding.android.NormalTheme"
129-->src/main/AndroidManifest.xml:107:17-72
130                android:resource="@style/NormalTheme" />
130-->src/main/AndroidManifest.xml:108:17-54
131
132            <intent-filter>
132-->src/main/AndroidManifest.xml:109:13-112:29
133                <action android:name="android.intent.action.MAIN" />
133-->src/main/AndroidManifest.xml:110:17-68
133-->src/main/AndroidManifest.xml:110:25-66
134
135                <category android:name="android.intent.category.LAUNCHER" />
135-->src/main/AndroidManifest.xml:111:17-76
135-->src/main/AndroidManifest.xml:111:27-74
136            </intent-filter>
137            <intent-filter>
137-->src/main/AndroidManifest.xml:113:13-118:29
138                <action android:name="FLUTTER_NOTIFICATION_CLICK" />
138-->src/main/AndroidManifest.xml:114:17-115:64
138-->src/main/AndroidManifest.xml:115:21-62
139
140                <category android:name="android.intent.category.DEFAULT" />
140-->src/main/AndroidManifest.xml:116:17-117:69
140-->src/main/AndroidManifest.xml:117:21-67
141            </intent-filter>
142        </activity>
143        <!--
144             Don't delete the meta-data below.
145             This is used by the Flutter tool to generate GeneratedPluginRegistrant.java
146        -->
147        <meta-data
147-->src/main/AndroidManifest.xml:122:9-124:32
148            android:name="flutterEmbedding"
148-->src/main/AndroidManifest.xml:123:13-44
149            android:value="2" />
149-->src/main/AndroidManifest.xml:124:13-30
150
151        <service
151-->src/main/AndroidManifest.xml:125:9-128:43
152            android:name="com.dexterous.flutterlocalnotifications.ForegroundService"
152-->src/main/AndroidManifest.xml:126:13-85
153            android:exported="false"
153-->src/main/AndroidManifest.xml:127:13-37
154            android:stopWithTask="false" />
154-->src/main/AndroidManifest.xml:128:13-41
155        <service
155-->[:geolocator_android] AndroidManifest.xml:12:9-16:56
156            android:name="com.baseflow.geolocator.GeolocatorLocationService"
156-->[:geolocator_android] AndroidManifest.xml:13:13-77
157            android:enabled="true"
157-->[:geolocator_android] AndroidManifest.xml:14:13-35
158            android:exported="false"
158-->[:geolocator_android] AndroidManifest.xml:15:13-37
159            android:foregroundServiceType="location" />
159-->[:geolocator_android] AndroidManifest.xml:16:13-53
160
161        <provider
161-->[:image_picker_android] AndroidManifest.xml:10:9-18:20
162            android:name="io.flutter.plugins.imagepicker.ImagePickerFileProvider"
162-->[:image_picker_android] AndroidManifest.xml:11:13-82
163            android:authorities="com.binarasia.filestore.flutter.image_provider"
163-->[:image_picker_android] AndroidManifest.xml:12:13-74
164            android:exported="false"
164-->[:image_picker_android] AndroidManifest.xml:13:13-37
165            android:grantUriPermissions="true" >
165-->[:image_picker_android] AndroidManifest.xml:14:13-47
166            <meta-data
166-->src/main/AndroidManifest.xml:81:13-83:57
167                android:name="android.support.FILE_PROVIDER_PATHS"
167-->src/main/AndroidManifest.xml:82:17-67
168                android:resource="@xml/flutter_image_picker_file_paths" />
168-->src/main/AndroidManifest.xml:83:17-55
169        </provider>
170
171        <receiver
171-->[:flutter_local_notifications] AndroidManifest.xml:16:9-18:40
172            android:name="com.dexterous.flutterlocalnotifications.ActionBroadcastReceiver"
172-->[:flutter_local_notifications] AndroidManifest.xml:17:13-91
173            android:exported="false" />
173-->[:flutter_local_notifications] AndroidManifest.xml:18:13-37
174
175        <activity
175-->[:url_launcher_android] AndroidManifest.xml:10:9-13:74
176            android:name="io.flutter.plugins.urllauncher.WebViewActivity"
176-->[:url_launcher_android] AndroidManifest.xml:11:13-74
177            android:exported="false"
177-->[:url_launcher_android] AndroidManifest.xml:12:13-37
178            android:theme="@android:style/Theme.NoTitleBar.Fullscreen" />
178-->[:url_launcher_android] AndroidManifest.xml:13:13-71
179
180        <meta-data
180-->[:google_mobile_ads] AndroidManifest.xml:12:9-14:36
181            android:name="io.flutter.embedded_views_preview"
181-->[:google_mobile_ads] AndroidManifest.xml:13:13-61
182            android:value="true" />
182-->[:google_mobile_ads] AndroidManifest.xml:14:13-33
183
184        <provider
184-->[:share] AndroidManifest.xml:10:9-18:20
185            android:name="io.flutter.plugins.share.ShareFileProvider"
185-->[:share] AndroidManifest.xml:11:13-70
186            android:authorities="com.binarasia.filestore.flutter.share_provider"
186-->[:share] AndroidManifest.xml:12:13-74
187            android:exported="false"
187-->[:share] AndroidManifest.xml:13:13-37
188            android:grantUriPermissions="true" >
188-->[:share] AndroidManifest.xml:14:13-47
189            <meta-data
189-->src/main/AndroidManifest.xml:81:13-83:57
190                android:name="android.support.FILE_PROVIDER_PATHS"
190-->src/main/AndroidManifest.xml:82:17-67
191                android:resource="@xml/flutter_share_file_paths" />
191-->src/main/AndroidManifest.xml:83:17-55
192        </provider>
193
194        <activity
194-->[com.google.android.gms:play-services-base:18.1.0] AndroidManifest.xml:20:9-22:45
195            android:name="com.google.android.gms.common.api.GoogleApiActivity"
195-->[com.google.android.gms:play-services-base:18.1.0] AndroidManifest.xml:20:19-85
196            android:exported="false"
196-->[com.google.android.gms:play-services-base:18.1.0] AndroidManifest.xml:22:19-43
197            android:theme="@android:style/Theme.Translucent.NoTitleBar" /> <!-- Include the AdActivity and InAppPurchaseActivity configChanges and themes. -->
197-->[com.google.android.gms:play-services-base:18.1.0] AndroidManifest.xml:21:19-78
198        <activity
198-->[com.google.android.gms:play-services-ads-lite:22.0.0] AndroidManifest.xml:53:9-58:43
199            android:name="com.google.android.gms.ads.AdActivity"
199-->[com.google.android.gms:play-services-ads-lite:22.0.0] AndroidManifest.xml:54:13-65
200            android:configChanges="keyboard|keyboardHidden|orientation|screenLayout|uiMode|screenSize|smallestScreenSize"
200-->[com.google.android.gms:play-services-ads-lite:22.0.0] AndroidManifest.xml:55:13-122
201            android:exported="false"
201-->[com.google.android.gms:play-services-ads-lite:22.0.0] AndroidManifest.xml:56:13-37
202            android:theme="@android:style/Theme.Translucent" />
202-->[com.google.android.gms:play-services-ads-lite:22.0.0] AndroidManifest.xml:57:13-61
203
204        <provider
204-->[com.google.android.gms:play-services-ads-lite:22.0.0] AndroidManifest.xml:60:9-65:43
205            android:name="com.google.android.gms.ads.MobileAdsInitProvider"
205-->[com.google.android.gms:play-services-ads-lite:22.0.0] AndroidManifest.xml:61:13-76
206            android:authorities="com.binarasia.filestore.mobileadsinitprovider"
206-->[com.google.android.gms:play-services-ads-lite:22.0.0] AndroidManifest.xml:62:13-73
207            android:exported="false"
207-->[com.google.android.gms:play-services-ads-lite:22.0.0] AndroidManifest.xml:63:13-37
208            android:initOrder="100" />
208-->[com.google.android.gms:play-services-ads-lite:22.0.0] AndroidManifest.xml:64:13-36
209
210        <service
210-->[com.google.android.gms:play-services-ads-lite:22.0.0] AndroidManifest.xml:67:9-71:43
211            android:name="com.google.android.gms.ads.AdService"
211-->[com.google.android.gms:play-services-ads-lite:22.0.0] AndroidManifest.xml:68:13-64
212            android:enabled="true"
212-->[com.google.android.gms:play-services-ads-lite:22.0.0] AndroidManifest.xml:69:13-35
213            android:exported="false" />
213-->[com.google.android.gms:play-services-ads-lite:22.0.0] AndroidManifest.xml:70:13-37
214
215        <activity
215-->[com.google.android.gms:play-services-ads-lite:22.0.0] AndroidManifest.xml:73:9-77:43
216            android:name="com.google.android.gms.ads.OutOfContextTestingActivity"
216-->[com.google.android.gms:play-services-ads-lite:22.0.0] AndroidManifest.xml:74:13-82
217            android:configChanges="keyboard|keyboardHidden|orientation|screenLayout|uiMode|screenSize|smallestScreenSize"
217-->[com.google.android.gms:play-services-ads-lite:22.0.0] AndroidManifest.xml:75:13-122
218            android:exported="false" />
218-->[com.google.android.gms:play-services-ads-lite:22.0.0] AndroidManifest.xml:76:13-37
219
220        <meta-data
220-->[com.google.android.gms:play-services-basement:18.1.0] AndroidManifest.xml:21:9-23:69
221            android:name="com.google.android.gms.version"
221-->[com.google.android.gms:play-services-basement:18.1.0] AndroidManifest.xml:22:13-58
222            android:value="@integer/google_play_services_version" />
222-->[com.google.android.gms:play-services-basement:18.1.0] AndroidManifest.xml:23:13-66
223
224        <uses-library
224-->[androidx.window:window:1.0.0-beta04] AndroidManifest.xml:25:9-27:40
225            android:name="androidx.window.extensions"
225-->[androidx.window:window:1.0.0-beta04] AndroidManifest.xml:26:13-54
226            android:required="false" />
226-->[androidx.window:window:1.0.0-beta04] AndroidManifest.xml:27:13-37
227        <uses-library
227-->[androidx.window:window:1.0.0-beta04] AndroidManifest.xml:28:9-30:40
228            android:name="androidx.window.sidecar"
228-->[androidx.window:window:1.0.0-beta04] AndroidManifest.xml:29:13-51
229            android:required="false" />
229-->[androidx.window:window:1.0.0-beta04] AndroidManifest.xml:30:13-37
230
231        <provider
231-->[androidx.work:work-runtime:2.7.0] AndroidManifest.xml:31:9-39:20
232            android:name="androidx.startup.InitializationProvider"
232-->[androidx.work:work-runtime:2.7.0] AndroidManifest.xml:32:13-67
233            android:authorities="com.binarasia.filestore.androidx-startup"
233-->[androidx.work:work-runtime:2.7.0] AndroidManifest.xml:33:13-68
234            android:exported="false" >
234-->[androidx.work:work-runtime:2.7.0] AndroidManifest.xml:34:13-37
235            <meta-data
235-->[androidx.work:work-runtime:2.7.0] AndroidManifest.xml:36:13-38:52
236                android:name="androidx.work.WorkManagerInitializer"
236-->[androidx.work:work-runtime:2.7.0] AndroidManifest.xml:37:17-68
237                android:value="androidx.startup" />
237-->[androidx.work:work-runtime:2.7.0] AndroidManifest.xml:38:17-49
238            <meta-data
238-->[androidx.lifecycle:lifecycle-process:2.6.1] AndroidManifest.xml:29:13-31:52
239                android:name="androidx.lifecycle.ProcessLifecycleInitializer"
239-->[androidx.lifecycle:lifecycle-process:2.6.1] AndroidManifest.xml:30:17-78
240                android:value="androidx.startup" />
240-->[androidx.lifecycle:lifecycle-process:2.6.1] AndroidManifest.xml:31:17-49
241            <meta-data
241-->[androidx.profileinstaller:profileinstaller:1.3.0] AndroidManifest.xml:29:13-31:52
242                android:name="androidx.profileinstaller.ProfileInstallerInitializer"
242-->[androidx.profileinstaller:profileinstaller:1.3.0] AndroidManifest.xml:30:17-85
243                android:value="androidx.startup" />
243-->[androidx.profileinstaller:profileinstaller:1.3.0] AndroidManifest.xml:31:17-49
244        </provider>
245
246        <service
246-->[androidx.work:work-runtime:2.7.0] AndroidManifest.xml:41:9-46:35
247            android:name="androidx.work.impl.background.systemalarm.SystemAlarmService"
247-->[androidx.work:work-runtime:2.7.0] AndroidManifest.xml:42:13-88
248            android:directBootAware="false"
248-->[androidx.work:work-runtime:2.7.0] AndroidManifest.xml:43:13-44
249            android:enabled="@bool/enable_system_alarm_service_default"
249-->[androidx.work:work-runtime:2.7.0] AndroidManifest.xml:44:13-72
250            android:exported="false" />
250-->[androidx.work:work-runtime:2.7.0] AndroidManifest.xml:45:13-37
251        <service
251-->[androidx.work:work-runtime:2.7.0] AndroidManifest.xml:47:9-53:35
252            android:name="androidx.work.impl.background.systemjob.SystemJobService"
252-->[androidx.work:work-runtime:2.7.0] AndroidManifest.xml:48:13-84
253            android:directBootAware="false"
253-->[androidx.work:work-runtime:2.7.0] AndroidManifest.xml:49:13-44
254            android:enabled="@bool/enable_system_job_service_default"
254-->[androidx.work:work-runtime:2.7.0] AndroidManifest.xml:50:13-70
255            android:exported="true"
255-->[androidx.work:work-runtime:2.7.0] AndroidManifest.xml:51:13-36
256            android:permission="android.permission.BIND_JOB_SERVICE" />
256-->[androidx.work:work-runtime:2.7.0] AndroidManifest.xml:52:13-69
257        <service
257-->[androidx.work:work-runtime:2.7.0] AndroidManifest.xml:54:9-59:35
258            android:name="androidx.work.impl.foreground.SystemForegroundService"
258-->[androidx.work:work-runtime:2.7.0] AndroidManifest.xml:55:13-81
259            android:directBootAware="false"
259-->[androidx.work:work-runtime:2.7.0] AndroidManifest.xml:56:13-44
260            android:enabled="@bool/enable_system_foreground_service_default"
260-->[androidx.work:work-runtime:2.7.0] AndroidManifest.xml:57:13-77
261            android:exported="false" />
261-->[androidx.work:work-runtime:2.7.0] AndroidManifest.xml:58:13-37
262
263        <receiver
263-->[androidx.work:work-runtime:2.7.0] AndroidManifest.xml:61:9-66:35
264            android:name="androidx.work.impl.utils.ForceStopRunnable$BroadcastReceiver"
264-->[androidx.work:work-runtime:2.7.0] AndroidManifest.xml:62:13-88
265            android:directBootAware="false"
265-->[androidx.work:work-runtime:2.7.0] AndroidManifest.xml:63:13-44
266            android:enabled="true"
266-->[androidx.work:work-runtime:2.7.0] AndroidManifest.xml:64:13-35
267            android:exported="false" />
267-->[androidx.work:work-runtime:2.7.0] AndroidManifest.xml:65:13-37
268        <receiver
268-->[androidx.work:work-runtime:2.7.0] AndroidManifest.xml:67:9-77:20
269            android:name="androidx.work.impl.background.systemalarm.ConstraintProxy$BatteryChargingProxy"
269-->[androidx.work:work-runtime:2.7.0] AndroidManifest.xml:68:13-106
270            android:directBootAware="false"
270-->[androidx.work:work-runtime:2.7.0] AndroidManifest.xml:69:13-44
271            android:enabled="false"
271-->[androidx.work:work-runtime:2.7.0] AndroidManifest.xml:70:13-36
272            android:exported="false" >
272-->[androidx.work:work-runtime:2.7.0] AndroidManifest.xml:71:13-37
273            <intent-filter>
273-->[androidx.work:work-runtime:2.7.0] AndroidManifest.xml:73:13-76:29
274                <action android:name="android.intent.action.ACTION_POWER_CONNECTED" />
274-->[androidx.work:work-runtime:2.7.0] AndroidManifest.xml:74:17-87
274-->[androidx.work:work-runtime:2.7.0] AndroidManifest.xml:74:25-84
275                <action android:name="android.intent.action.ACTION_POWER_DISCONNECTED" />
275-->[androidx.work:work-runtime:2.7.0] AndroidManifest.xml:75:17-90
275-->[androidx.work:work-runtime:2.7.0] AndroidManifest.xml:75:25-87
276            </intent-filter>
277        </receiver>
278        <receiver
278-->[androidx.work:work-runtime:2.7.0] AndroidManifest.xml:78:9-88:20
279            android:name="androidx.work.impl.background.systemalarm.ConstraintProxy$BatteryNotLowProxy"
279-->[androidx.work:work-runtime:2.7.0] AndroidManifest.xml:79:13-104
280            android:directBootAware="false"
280-->[androidx.work:work-runtime:2.7.0] AndroidManifest.xml:80:13-44
281            android:enabled="false"
281-->[androidx.work:work-runtime:2.7.0] AndroidManifest.xml:81:13-36
282            android:exported="false" >
282-->[androidx.work:work-runtime:2.7.0] AndroidManifest.xml:82:13-37
283            <intent-filter>
283-->[androidx.work:work-runtime:2.7.0] AndroidManifest.xml:84:13-87:29
284                <action android:name="android.intent.action.BATTERY_OKAY" />
284-->[androidx.work:work-runtime:2.7.0] AndroidManifest.xml:85:17-77
284-->[androidx.work:work-runtime:2.7.0] AndroidManifest.xml:85:25-74
285                <action android:name="android.intent.action.BATTERY_LOW" />
285-->[androidx.work:work-runtime:2.7.0] AndroidManifest.xml:86:17-76
285-->[androidx.work:work-runtime:2.7.0] AndroidManifest.xml:86:25-73
286            </intent-filter>
287        </receiver>
288        <receiver
288-->[androidx.work:work-runtime:2.7.0] AndroidManifest.xml:89:9-99:20
289            android:name="androidx.work.impl.background.systemalarm.ConstraintProxy$StorageNotLowProxy"
289-->[androidx.work:work-runtime:2.7.0] AndroidManifest.xml:90:13-104
290            android:directBootAware="false"
290-->[androidx.work:work-runtime:2.7.0] AndroidManifest.xml:91:13-44
291            android:enabled="false"
291-->[androidx.work:work-runtime:2.7.0] AndroidManifest.xml:92:13-36
292            android:exported="false" >
292-->[androidx.work:work-runtime:2.7.0] AndroidManifest.xml:93:13-37
293            <intent-filter>
293-->[androidx.work:work-runtime:2.7.0] AndroidManifest.xml:95:13-98:29
294                <action android:name="android.intent.action.DEVICE_STORAGE_LOW" />
294-->[androidx.work:work-runtime:2.7.0] AndroidManifest.xml:96:17-83
294-->[androidx.work:work-runtime:2.7.0] AndroidManifest.xml:96:25-80
295                <action android:name="android.intent.action.DEVICE_STORAGE_OK" />
295-->[androidx.work:work-runtime:2.7.0] AndroidManifest.xml:97:17-82
295-->[androidx.work:work-runtime:2.7.0] AndroidManifest.xml:97:25-79
296            </intent-filter>
297        </receiver>
298        <receiver
298-->[androidx.work:work-runtime:2.7.0] AndroidManifest.xml:100:9-109:20
299            android:name="androidx.work.impl.background.systemalarm.ConstraintProxy$NetworkStateProxy"
299-->[androidx.work:work-runtime:2.7.0] AndroidManifest.xml:101:13-103
300            android:directBootAware="false"
300-->[androidx.work:work-runtime:2.7.0] AndroidManifest.xml:102:13-44
301            android:enabled="false"
301-->[androidx.work:work-runtime:2.7.0] AndroidManifest.xml:103:13-36